Solid Edge Conversão para STL
Data: terça-feira,abril 26,2022 06:26
Arquivo de origem:C:\Users\Paradox\Documents\git\3d-objects\hex-bit-holder-6x8\main.par
Sistema de origem: SOLID EDGE

Hardware:
Processador Intel(R) Core(TM) i5-5200U CPU @ 2.20GHz
Sistema operacional: Windows 10
Memória Instalada: 7,9 GB

Informações de software:
Versão do Parasolid: 31.1.255
Versão do PSBodyshop: 31.1.110
Versão do Solid Edge: 220.00.00.104 x64

Opções de exportação do STL:
Formato do arquivo de saída:BINARY
Exportar peças exibidas:Desligado
Opção da estrutura: Monolithic
Exportar unidades:Millimeter
Exportar valor de tolerância:0,001000
Exportar tipo de tolerância:Fine
Exportar valor do ângulo do plano:0,523599

Progresso da conversão:
Fase 1 de 2 Buscando informações do Parasolid...
Fase 2 de 2 Convertendo Parasolid para tipos de dados estrangeiros...
Número de arquivos STL criados : 1
Processo de conversão concluído
Tempo requerido para converter:00 : 00 : 05
